<?xml version="1.0" encoding="UTF-8"?>
<!-- Generated by org.testng.reporters.JUnitXMLReporter -->
<testsuite ignored="2" hostname="DESKTOP-LFL4UKQ" failures="0" tests="1" name="Default test" time="8.464" errors="0" timestamp="2022-08-17T23:13:41 IST">
  <testcase classname="com.test.reqres.AutomateReqres" name="validate_jsonbody2" time="8.381"/>
  <testcase classname="com.test.reqres.AutomateReqres" name="validate_jsonbody" time="0.0">
    <ignored/>
  </testcase> <!-- validate_jsonbody -->
  <testcase classname="com.test.reqres.AutomateReqres" name="validate_statuCode" time="0.0">
    <ignored/>
  </testcase> <!-- validate_statuCode -->
</testsuite> <!-- Default test -->
