<?xml version="1.0" encoding="UTF-8"?>
<testng-results ignored="2" total="3" passed="1" failed="0" skipped="0">
  <reporter-output>
  </reporter-output>
  <suite started-at="2022-08-17T23:13:32 IST" name="Default suite" finished-at="2022-08-17T23:13:41 IST" duration-ms="8464">
    <groups>
    </groups>
    <test started-at="2022-08-17T23:13:32 IST" name="Default test" finished-at="2022-08-17T23:13:41 IST" duration-ms="8464">
      <class name="com.test.reqres.AutomateReqres">
        <test-method signature="validate_jsonbody2()[pri:0, instance:com.test.reqres.AutomateReqres@10959ece]" started-at="2022-08-17T23:13:32 IST" name="validate_jsonbody2" finished-at="2022-08-17T23:13:41 IST" duration-ms="8381" status="PASS">
          <reporter-output>
          </reporter-output>
        </test-method> <!-- validate_jsonbody2 -->
      </class> <!-- com.test.reqres.AutomateReqres -->
    </test> <!-- Default test -->
  </suite> <!-- Default suite -->
</testng-results>
